Arguments: 
  /home/edwin/.local/opt/n/bin/node /usr/bin/yarn ls --depth 0 --json

PATH: 
  /home/edwin/.local/share/deno/bin:/home/edwin/.deno/bin:/home/edwin/.rvm/bin:/home/edwin/.local/opt/flutter/bin:/home/edwin//home/edwin/.local/go-path/bin:/home/edwin/.poetry/bin:/home/edwin/.local/share/cargo/bin:/home/edwin/.local/share/yarn/global/node_modules/.bin:/home/edwin/.local/opt/n/bin:/home/edwin/.local/opt/krew/bin:/snap/bin:/home/edwin/.local/bin:/home/edwin/.local/share/deno/bin:/home/edwin/.deno/bin:/home/edwin/.rvm/bin:/home/edwin/.local/opt/flutter/bin:/home/edwin//home/edwin/.local/go-path/bin:/home/edwin/.poetry/bin:/home/edwin/.local/share/cargo/bin:/home/edwin/.local/share/yarn/global/node_modules/.bin:/home/edwin/.local/opt/n/bin:/home/edwin/.local/opt/krew/bin:/snap/bin:/home/edwin/.local/bin:/home/edwin/.local/bin:/usr/local/bin:/usr/local/sbin:/usr/bin:/usr/bin/site_perl:/usr/bin/vendor_perl:/usr/bin/core_perl:/var/lib/snapd/snap/bin

Yarn version: 
  1.22.4

Node version: 
  14.2.0

Platform: 
  linux x64

Trace: 
  SyntaxError: /home/edwin/docs/programming/repos/babel-deno/package.json: Unexpected token < in JSON at position 531
      at JSON.parse (<anonymous>)
      at /usr/lib/node_modules/yarn/lib/cli.js:1625:59
      at Generator.next (<anonymous>)
      at step (/usr/lib/node_modules/yarn/lib/cli.js:310:30)
      at /usr/lib/node_modules/yarn/lib/cli.js:321:13

npm manifest: 
  {
    "name": "babel-deno",
    "private": true,
    "version": "0.0.1",
    "description": "Tools for transpiling Node APIs to their Deno counterparts",
    "scripts": {
      "test": "lerna run test",
      "lint": "run-s lint:js lint:misc",
      "lint:fix": "run-s lint:js:fix lint:misc:fix",
      "lint:js": "eslint .",
      "lint:js:fix": "eslint --fix .",
      "lint:misc": "prettier --check .",
      "lint:misc:fix": "prettier --write ."
    },
    "author": "Edwin Kofler",
    "license": "MIT",
    "devDependencies": {
      "@babel/core": "^7.9.6",
  <<<<<<< Updated upstream
      "@types/babel__core": "^7.1.7",
  =======
      "@babel/types": "^7.9.6",
  >>>>>>> Stashed changes
      "@types/jest": "^25.2.1",
      "@types/node": "^13.13.6",
      "@typescript-eslint/eslint-plugin": "^2.24.0",
      "eslint": "^7.0.0",
      "eslint-config-airbnb-typescript": "^7.2.1",
      "eslint-plugin-import": "^2.20.1",
      "husky": "^4.2.5",
      "lerna": "^3.20.2",
      "lint-staged": "^10.2.2",
      "npm-run-all": "^4.1.5",
      "prettier": "^2.0.5",
      "prettier-plugin-toml": "^0.3.1",
      "ts-node": "^8.10.1",
      "typescript": "^3.8.3"
    }
  }

yarn manifest: 
  No manifest

Lockfile: 
  No lockfile
